2026-04-18T11:04:39.067+07:00  INFO 37320 --- [BT3-6] [main] re.edu.bt36.Bt36Application              : Starting Bt36Application using Java 17.0.17 with PID 37320 (D:\Study\Myself\IOC-JAVABACKEND-JB-IOC-PTHB251125\BTVN\BE-103\Session11\BT1-6\build\classes\java\main started by MSI in D:\Study\Myself\IOC-JAVABACKEND-JB-IOC-PTHB251125\BTVN\BE-103\Session11\BT1-6)
2026-04-18T11:04:39.070+07:00  INFO 37320 --- [BT3-6] [main] re.edu.bt36.Bt36Application              : No active profile set, falling back to 1 default profile: "default"
2026-04-18T11:04:39.695+07:00  INFO 37320 --- [BT3-6] [main] .s.d.r.c.RepositoryConfigurationDelegate : Bootstrapping Spring Data JPA repositories in DEFAULT mode.
2026-04-18T11:04:39.740+07:00  INFO 37320 --- [BT3-6] [main] .s.d.r.c.RepositoryConfigurationDelegate : Finished Spring Data repository scanning in 36 ms. Found 4 JPA repository interfaces.
2026-04-18T11:04:40.066+07:00  INFO 37320 --- [BT3-6] [main] o.s.boot.tomcat.TomcatWebServer          : Tomcat initialized with port 8080 (http)
2026-04-18T11:04:40.076+07:00  INFO 37320 --- [BT3-6] [main] o.apache.catalina.core.StandardService   : Starting service [Tomcat]
2026-04-18T11:04:40.076+07:00  INFO 37320 --- [BT3-6] [main] o.apache.catalina.core.StandardEngine    : Starting Servlet engine: [Apache Tomcat/11.0.20]
2026-04-18T11:04:40.128+07:00  INFO 37320 --- [BT3-6] [main] b.w.c.s.WebApplicationContextInitializer : Root WebApplicationContext: initialization completed in 1024 ms
2026-04-18T11:04:40.262+07:00  INFO 37320 --- [BT3-6] [main] org.hibernate.orm.jpa                    : HHH008540: Processing PersistenceUnitInfo [name: default]
2026-04-18T11:04:40.321+07:00  INFO 37320 --- [BT3-6] [main] org.hibernate.orm.core                   : HHH000001: Hibernate ORM core version 7.2.7.Final
2026-04-18T11:04:40.892+07:00  INFO 37320 --- [BT3-6] [main] o.s.o.j.p.SpringPersistenceUnitInfo      : No LoadTimeWeaver setup: ignoring JPA class transformer
2026-04-18T11:04:40.923+07:00  INFO 37320 --- [BT3-6] [main] com.zaxxer.hikari.HikariDataSource       : HikariPool-1 - Starting...
2026-04-18T11:04:41.090+07:00  INFO 37320 --- [BT3-6] [main] com.zaxxer.hikari.pool.HikariPool        : HikariPool-1 - Added connection org.postgresql.jdbc.PgConnection@117fb9ba
2026-04-18T11:04:41.091+07:00  INFO 37320 --- [BT3-6] [main] com.zaxxer.hikari.HikariDataSource       : HikariPool-1 - Start completed.
2026-04-18T11:04:41.143+07:00  WARN 37320 --- [BT3-6] [main] org.hibernate.orm.deprecation            : HHH90000025: PostgreSQLDialect does not need to be specified explicitly using 'hibernate.dialect' (remove the property setting and it will be selected by default)
2026-04-18T11:04:41.167+07:00  INFO 37320 --- [BT3-6] [main] org.hibernate.orm.connections.pooling    : HHH10001005: Database info:
	Database JDBC URL [jdbc:postgresql://localhost:5432/postgres?currentSchema=be103_btvn_session10]
	Database driver: PostgreSQL JDBC Driver
	Database dialect: PostgreSQLDialect
	Database version: 18.1
	Default catalog/schema: postgres/be103_btvn_session10
	Autocommit mode: undefined/unknown
	Isolation level: READ_COMMITTED [default READ_COMMITTED]
	JDBC fetch size: none
	Pool: DataSourceConnectionProvider
	Minimum pool size: undefined/unknown
	Maximum pool size: undefined/unknown
2026-04-18T11:04:42.010+07:00  INFO 37320 --- [BT3-6] [main] org.hibernate.orm.core                   : HHH000489: No JTA platform available (set 'hibernate.transaction.jta.platform' to enable JTA platform integration)
2026-04-18T11:04:42.106+07:00  INFO 37320 --- [BT3-6] [main] j.LocalContainerEntityManagerFactoryBean : Initialized JPA EntityManagerFactory for persistence unit 'default'
2026-04-18T11:04:42.166+07:00  INFO 37320 --- [BT3-6] [main] o.s.d.j.r.query.QueryEnhancerFactories   : Hibernate is in classpath; If applicable, HQL parser will be used.
2026-04-18T11:04:42.356+07:00  WARN 37320 --- [BT3-6] [main] JpaBaseConfiguration$JpaWebConfiguration : spring.jpa.open-in-view is enabled by default. Therefore, database queries may be performed during view rendering. Explicitly configure spring.jpa.open-in-view to disable this warning
2026-04-18T11:04:42.718+07:00  INFO 37320 --- [BT3-6] [main] o.s.boot.tomcat.TomcatWebServer          : Tomcat started on port 8080 (http) with context path '/'
2026-04-18T11:04:42.725+07:00  INFO 37320 --- [BT3-6] [main] re.edu.bt36.Bt36Application              : Started Bt36Application in 4.038 seconds (process running for 4.588)
2026-04-18T11:04:42.729+07:00  WARN 37320 --- [BT3-6] [main] o.s.core.events.SpringDocAppInitializer  : SpringDoc /v3/api-docs endpoint is enabled by default. To disable it in production, set the property 'springdoc.api-docs.enabled=false'
2026-04-18T11:04:42.730+07:00  WARN 37320 --- [BT3-6] [main] o.s.core.events.SpringDocAppInitializer  : SpringDoc /swagger-ui.html endpoint is enabled by default. To disable it in production, set the property 'springdoc.swagger-ui.enabled=false'
2026-04-18T11:04:49.641+07:00  INFO 37320 --- [BT3-6] [http-nio-8080-exec-2] o.a.c.c.C.[Tomcat].[localhost].[/]       : Initializing Spring DispatcherServlet 'dispatcherServlet'
2026-04-18T11:04:49.642+07:00  INFO 37320 --- [BT3-6] [http-nio-8080-exec-2] o.s.web.servlet.DispatcherServlet        : Initializing Servlet 'dispatcherServlet'
2026-04-18T11:04:49.643+07:00  INFO 37320 --- [BT3-6] [http-nio-8080-exec-2] o.s.web.servlet.DispatcherServlet        : Completed initialization in 1 ms
2026-04-18T11:04:49.881+07:00  INFO 37320 --- [BT3-6] [http-nio-8080-exec-2] r.edu.bt36.controller.PatientController  : Đang xử lý yêu cầu tạo bệnh nhân mới: Nguyễn Văn D
2026-04-18T11:04:49.935+07:00 DEBUG 37320 --- [BT3-6] [http-nio-8080-exec-2] org.hibernate.SQL                        : 
    insert 
    into
        patients
        (age, full_name, phone_number) 
    values
        (?, ?, ?)
2026-04-18T11:04:49.938+07:00 TRACE 37320 --- [BT3-6] [http-nio-8080-exec-2] org.hibernate.orm.jdbc.bind              : binding parameter (1:INTEGER) <- [25]
2026-04-18T11:04:49.939+07:00 TRACE 37320 --- [BT3-6] [http-nio-8080-exec-2] org.hibernate.orm.jdbc.bind              : binding parameter (2:VARCHAR) <- [Nguyễn Văn D]
2026-04-18T11:04:49.939+07:00 TRACE 37320 --- [BT3-6] [http-nio-8080-exec-2] org.hibernate.orm.jdbc.bind              : binding parameter (3:VARCHAR) <- [0987654321]
2026-04-18T11:06:37.961+07:00  INFO 37320 --- [BT3-6] [SpringApplicationShutdownHook] o.s.boot.tomcat.GracefulShutdown         : Commencing graceful shutdown. Waiting for active requests to complete
2026-04-18T11:06:38.072+07:00  INFO 37320 --- [BT3-6] [tomcat-shutdown] o.s.boot.tomcat.GracefulShutdown         : Graceful shutdown complete
2026-04-18T11:06:38.108+07:00  INFO 37320 --- [BT3-6] [SpringApplicationShutdownHook] j.LocalContainerEntityManagerFactoryBean : Closing JPA EntityManagerFactory for persistence unit 'default'
2026-04-18T11:06:38.127+07:00  INFO 37320 --- [BT3-6] [SpringApplicationShutdownHook] com.zaxxer.hikari.HikariDataSource       : HikariPool-1 - Shutdown initiated...
2026-04-18T11:06:38.146+07:00  INFO 37320 --- [BT3-6] [SpringApplicationShutdownHook] com.zaxxer.hikari.HikariDataSource       : HikariPool-1 - Shutdown completed.
